<?xml version="1.0" encoding="UTF-8"?>
<!-- Generated by org.testng.reporters.JUnitReportReporter -->
<testsuite hostname="Shilpa" failures="0" tests="3" name="com.comcast.crm.contacttest.CreateContact_testngTest" time="29.998" errors="0" timestamp="2025-02-27T10:03:01 IST" skipped="0">
  <testcase classname="com.comcast.crm.contacttest.CreateContact_testngTest" name="createContact" time="7.963"/>
  <system-out/>
  <testcase classname="com.comcast.crm.contacttest.CreateContact_testngTest" name="createContactWithOrg" time="14.521"/>
  <system-out/>
  <testcase classname="com.comcast.crm.contacttest.CreateContact_testngTest" name="createContactWithSupportDateTest" time="7.514"/>
  <system-out/>
</testsuite> <!-- com.comcast.crm.contacttest.CreateContact_testngTest -->
