<?xml version="1.0" encoding="UTF-8"?>
<!-- Generated by org.testng.reporters.JUnitReportReporter -->
<testsuite hostname="Shilpa" failures="0" tests="3" name="com.comcast.crm.orgtest.CreateOrg_testngTest" time="27.176" errors="0" timestamp="2025-02-27T10:58:40 IST" skipped="0">
  <testcase classname="com.comcast.crm.orgtest.CreateOrg_testngTest" name="createOrgTest" time="9.345"/>
  <system-out/>
  <testcase classname="com.comcast.crm.orgtest.CreateOrg_testngTest" name="createOrgWithIndustryTest" time="8.164"/>
  <system-out/>
  <testcase classname="com.comcast.crm.orgtest.CreateOrg_testngTest" name="createOrgWithPhoneNoTest" time="9.667"/>
  <system-out/>
</testsuite> <!-- com.comcast.crm.orgtest.CreateOrg_testngTest -->
